<?xml version="1.0" encoding="UTF-8" standalone="yes"?>
<ns2:test-suite xmlns:ns2="urn:model.allure.qatools.yandex.ru" start="1481120153609" stop="1481120761886">
    <name>Default Suite</name>
    <test-cases>
        <test-case start="1481120153647" stop="1481120296453" status="passed">
            <name>postDeployStandartCheck1</name>
            <steps/>
            <attachments/>
            <labels/>
        </test-case>
        <test-case start="1481120296581" stop="1481120402659" status="passed">
            <name>postDeployStandartCheck2</name>
            <steps/>
            <attachments/>
            <labels/>
        </test-case>
        <test-case start="1481120402665" stop="1481120507784" status="passed">
            <name>postDeployStandartCheck3</name>
            <steps/>
            <attachments/>
            <labels/>
        </test-case>
        <test-case start="1481120507788" stop="1481120611144" status="passed">
            <name>postDeployStandartCheck4</name>
            <steps/>
            <attachments/>
            <labels/>
        </test-case>
        <test-case start="1481120611147" stop="1481120652625" status="broken">
            <name>postDeployStandartCheck5</name>
            <failure>
                <message>StringIndexOutOfBoundsException: String index out of range: -1</message>
                <stack-trace>java.lang.StringIndexOutOfBoundsException: String index out of range: -1
	at java.lang.String.substring(String.java:1931)
	at ua.qa.edusson.pages.CustomerPages.PayPalPage.confirmPayPal(PayPalPage.java:62)
	at ua.qa.edusson.tests.StandartCheckOnlyEasyBiddingSitesPayPalTests.standartCheck_Only_EasyBidding_Production(StandartCheckOnlyEasyBiddingSitesPayPalTests.java:91)
	at ua.qa.edusson.tests.PostDeployStandartChecksTop6.postDeployStandartCheck5(PostDeployStandartChecksTop6.java:35)
	at sun.reflect.NativeMethodAccessorImpl.invoke0(Native Method)
	at sun.reflect.NativeMethodAccessorImpl.invoke(NativeMethodAccessorImpl.java:62)
	at sun.reflect.DelegatingMethodAccessorImpl.invoke(DelegatingMethodAccessorImpl.java:43)
	at java.lang.reflect.Method.invoke(Method.java:498)
	at org.testng.internal.MethodInvocationHelper.invokeMethod(MethodInvocationHelper.java:86)
	at org.testng.internal.Invoker.invokeMethod(Invoker.java:643)
	at org.testng.internal.Invoker.invokeTestMethod(Invoker.java:820)
	at org.testng.internal.Invoker.invokeTestMethods(Invoker.java:1128)
	at org.testng.internal.TestMethodWorker.invokeTestMethods(TestMethodWorker.java:129)
	at org.testng.internal.TestMethodWorker.run(TestMethodWorker.java:112)
	at org.testng.TestRunner.privateRun(TestRunner.java:782)
	at org.testng.TestRunner.run(TestRunner.java:632)
	at org.testng.SuiteRunner.runTest(SuiteRunner.java:366)
	at org.testng.SuiteRunner.runSequentially(SuiteRunner.java:361)
	at org.testng.SuiteRunner.privateRun(SuiteRunner.java:319)
	at org.testng.SuiteRunner.run(SuiteRunner.java:268)
	at org.testng.SuiteRunnerWorker.runSuite(SuiteRunnerWorker.java:52)
	at org.testng.SuiteRunnerWorker.run(SuiteRunnerWorker.java:86)
	at org.testng.TestNG.runSuitesSequentially(TestNG.java:1244)
	at org.testng.TestNG.runSuitesLocally(TestNG.java:1169)
	at org.testng.TestNG.run(TestNG.java:1064)
	at org.testng.IDEARemoteTestNG.run(IDEARemoteTestNG.java:74)
	at org.testng.RemoteTestNGStarter.main(RemoteTestNGStarter.java:124)
	at sun.reflect.NativeMethodAccessorImpl.invoke0(Native Method)
	at sun.reflect.NativeMethodAccessorImpl.invoke(NativeMethodAccessorImpl.java:62)
	at sun.reflect.DelegatingMethodAccessorImpl.invoke(DelegatingMethodAccessorImpl.java:43)
	at java.lang.reflect.Method.invoke(Method.java:498)
	at com.intellij.rt.execution.application.AppMain.main(AppMain.java:147)
</stack-trace>
            </failure>
            <steps/>
            <attachments/>
            <labels/>
        </test-case>
        <test-case start="1481120652626" stop="1481120761879" status="passed">
            <name>postDeployStandartCheck6</name>
            <steps/>
            <attachments/>
            <labels/>
        </test-case>
    </test-cases>
    <labels/>
</ns2:test-suite>
