{
  "hash" : "9ae4a52f46fbba0c959575303f697deb73e72d63",
  "data" : [ {
    "statistic" : {
      "total" : 12,
      "passed" : 9,
      "pending" : 0,
      "canceled" : 0,
      "failed" : 0,
      "broken" : 3
    },
    "time" : {
      "start" : 1479301528616,
      "stop" : 1479378886512,
      "duration" : 77357896
    },
    "name" : "total",
    "type" : "TOTAL"
  }, {
    "name" : "defects",
    "type" : "DEFECTS",
    "data" : [ {
      "count" : 1,
      "message" : "NoSuchElementException: no such element: Unable to locate element: {\"method\":\"name\",\"selector\":\"injectedUl\"}\n  (Session info: chrome=53.0.2785.143)\n  (Driver info: chromedriver=2.21.371459 (36d3d07f660ff2bc1bf28a75d1cdabed0983e7c4),platform=Windows NT 6.1 SP1 x86_64) (WARNING: The server did not provide any stacktrace information)\nCommand duration or timeout: 38 milliseconds\nFor documentation on this error, please visit: http://seleniumhq.org/exceptions/no_such_element.html\nBuild info: version: '2.53.1', revision: 'a36b8b1cd5757287168e54b817830adce9b0158d', time: '2016-06-30 19:26:09'\nSystem info: host: 'WIN-JER1VU06OO2', ip: '10.7.77.124', os.name: 'Windows Server 2008 R2', os.arch: 'amd64', os.version: '6.1', java.version: '1.8.0_91'\nDriver info: org.openqa.selenium.chrome.ChromeDriver\nCapabilities [{applicationCacheEnabled=false, rotatable=false, mobileEmulationEnabled=false, chrome={chromedriverVersion=2.21.371459 (36d3d07f660ff2bc1bf28a75d1cdabed0983e7c4), userDataDir=C:\\Users\\tester\\AppData\\Local\\Temp\\2\\scoped_dir1372_22319}, takesHeapSnapshot=true, databaseEnabled=false, handlesAlerts=true, hasTouchScreen=false, version=53.0.2785.143, platform=XP, browserConnectionEnabled=false, nativeEvents=true, acceptSslCerts=true, locationContextEnabled=true, webStorageEnabled=true, browserName=chrome, takesScreenshot=true, javascriptEnabled=true, cssSelectorsEnabled=true}]\nSession ID: bbfddba02031aed109763d9f3b5d4ae1\n*** Element info: {Using=name, value=injectedUl}",
      "status" : "BROKEN"
    }, {
      "count" : 1,
      "message" : "NoSuchElementException: no such element: Unable to locate element: {\"method\":\"name\",\"selector\":\"injectedUl\"}\n  (Session info: chrome=53.0.2785.143)\n  (Driver info: chromedriver=2.21.371459 (36d3d07f660ff2bc1bf28a75d1cdabed0983e7c4),platform=Windows NT 6.1 SP1 x86_64) (WARNING: The server did not provide any stacktrace information)\nCommand duration or timeout: 37 milliseconds\nFor documentation on this error, please visit: http://seleniumhq.org/exceptions/no_such_element.html\nBuild info: version: '2.53.1', revision: 'a36b8b1cd5757287168e54b817830adce9b0158d', time: '2016-06-30 19:26:09'\nSystem info: host: 'WIN-JER1VU06OO2', ip: '10.7.77.124', os.name: 'Windows Server 2008 R2', os.arch: 'amd64', os.version: '6.1', java.version: '1.8.0_91'\nDriver info: org.openqa.selenium.chrome.ChromeDriver\nCapabilities [{applicationCacheEnabled=false, rotatable=false, mobileEmulationEnabled=false, chrome={chromedriverVersion=2.21.371459 (36d3d07f660ff2bc1bf28a75d1cdabed0983e7c4), userDataDir=C:\\Users\\tester\\AppData\\Local\\Temp\\2\\scoped_dir2284_1994}, takesHeapSnapshot=true, databaseEnabled=false, handlesAlerts=true, hasTouchScreen=false, version=53.0.2785.143, platform=XP, browserConnectionEnabled=false, nativeEvents=true, acceptSslCerts=true, locationContextEnabled=true, webStorageEnabled=true, browserName=chrome, takesScreenshot=true, javascriptEnabled=true, cssSelectorsEnabled=true}]\nSession ID: 172686face14c8b9ed9206d871e469ca\n*** Element info: {Using=name, value=injectedUl}",
      "status" : "BROKEN"
    }, {
      "count" : 1,
      "message" : "NoSuchElementException: no such element: Unable to locate element: {\"method\":\"name\",\"selector\":\"injectedUl\"}\n  (Session info: chrome=53.0.2785.143)\n  (Driver info: chromedriver=2.21.371459 (36d3d07f660ff2bc1bf28a75d1cdabed0983e7c4),platform=Windows NT 6.1 SP1 x86_64) (WARNING: The server did not provide any stacktrace information)\nCommand duration or timeout: 41 milliseconds\nFor documentation on this error, please visit: http://seleniumhq.org/exceptions/no_such_element.html\nBuild info: version: '2.53.1', revision: 'a36b8b1cd5757287168e54b817830adce9b0158d', time: '2016-06-30 19:26:09'\nSystem info: host: 'WIN-JER1VU06OO2', ip: '10.7.77.124', os.name: 'Windows Server 2008 R2', os.arch: 'amd64', os.version: '6.1', java.version: '1.8.0_91'\nDriver info: org.openqa.selenium.chrome.ChromeDriver\nCapabilities [{applicationCacheEnabled=false, rotatable=false, mobileEmulationEnabled=false, chrome={chromedriverVersion=2.21.371459 (36d3d07f660ff2bc1bf28a75d1cdabed0983e7c4), userDataDir=C:\\Users\\tester\\AppData\\Local\\Temp\\2\\scoped_dir3148_13999}, takesHeapSnapshot=true, databaseEnabled=false, handlesAlerts=true, hasTouchScreen=false, version=53.0.2785.143, platform=XP, browserConnectionEnabled=false, nativeEvents=true, acceptSslCerts=true, locationContextEnabled=true, webStorageEnabled=true, browserName=chrome, takesScreenshot=true, javascriptEnabled=true, cssSelectorsEnabled=true}]\nSession ID: 4c58158fb5e3d89e3319665f568cbbc0\n*** Element info: {Using=name, value=injectedUl}",
      "status" : "BROKEN"
    } ]
  }, {
    "name" : "xunit",
    "type" : "TITLE_STATISTICS",
    "data" : [ {
      "title" : "Default suite",
      "statistic" : {
        "total" : 10,
        "passed" : 7,
        "pending" : 0,
        "canceled" : 0,
        "failed" : 0,
        "broken" : 3
      }
    }, {
      "title" : "Suite 1",
      "statistic" : {
        "total" : 2,
        "passed" : 2,
        "pending" : 0,
        "canceled" : 0,
        "failed" : 0,
        "broken" : 0
      }
    } ]
  }, {
    "name" : "behaviors",
    "type" : "TITLE_STATISTICS",
    "data" : [ {
      "title" : "Without feature",
      "statistic" : {
        "total" : 12,
        "passed" : 9,
        "pending" : 0,
        "canceled" : 0,
        "failed" : 0,
        "broken" : 3
      }
    } ]
  }, {
    "name" : "environment",
    "type" : "KEY_VALUE",
    "data" : [ ]
  } ]
}